<?xml version="1.0" encoding="UTF-8"?>
<!-- Generated by org.testng.reporters.JUnitReportReporter -->
<testsuite hostname="BINTERNS-QA30L" failures="0" tests="32" name="testfile.newuser" time="57.817" errors="1" timestamp="2023-05-18T16:43:55 IST" skipped="0">
  <testcase classname="testfile.newuser" name="username" time="0.119"/>
  <system-out/>
  <testcase classname="testfile.newuser" name="password" time="0.122"/>
  <system-out/>
  <testcase classname="testfile.newuser" name="Login" time="0.094"/>
  <system-out/>
  <testcase classname="testfile.newuser" name="InformationCenter" time="50.815"/>
  <system-out/>
  <testcase classname="testfile.newuser" name="Addnewmember" time="0.779"/>
  <system-out/>
  <testcase classname="testfile.newuser" name="FirstName" time="0.149"/>
  <system-out/>
  <testcase classname="testfile.newuser" name="MiddleName" time="0.146"/>
  <system-out/>
  <testcase classname="testfile.newuser" name="LastName" time="0.147"/>
  <system-out/>
  <testcase classname="testfile.newuser" name="Gender" time="0.102"/>
  <system-out/>
  <testcase classname="testfile.newuser" name="Fathername" time="0.177"/>
  <system-out/>
  <testcase classname="testfile.newuser" name="Mothername" time="0.173"/>
  <system-out/>
  <testcase classname="testfile.newuser" name="Dateofbirth" time="0.238"/>
  <system-out/>
  <testcase classname="testfile.newuser" name="Year" time="0.091"/>
  <system-out/>
  <testcase classname="testfile.newuser" name="Day" time="0.157"/>
  <system-out/>
  <testcase classname="testfile.newuser" name="Bloodgroup" time="0.081"/>
  <system-out/>
  <testcase classname="testfile.newuser" name="Presentaddress" time="0.172"/>
  <system-out/>
  <testcase classname="testfile.newuser" name="TimeZone" time="0.147"/>
  <system-out/>
  <testcase classname="testfile.newuser" name="Present" time="0.307"/>
  <system-out/>
  <testcase classname="testfile.newuser" name="Country" time="0.091"/>
  <system-out/>
  <testcase classname="testfile.newuser" name="State" time="0.172"/>
  <system-out/>
  <testcase classname="testfile.newuser" name="CITY" time="0.101"/>
  <system-out/>
  <testcase classname="testfile.newuser" name="OFFICE" time="0.183"/>
  <system-out/>
  <testcase classname="testfile.newuser" name="Chandigarh" time="0.155"/>
  <system-out/>
  <testcase classname="testfile.newuser" name="Check" time="0.156"/>
  <system-out/>
  <testcase classname="testfile.newuser" name="Mnumber" time="0.203"/>
  <system-out/>
  <testcase classname="testfile.newuser" name="Lnumber" time="0.173"/>
  <system-out/>
  <testcase classname="testfile.newuser" name="Email" time="0.180"/>
  <system-out/>
  <testcase classname="testfile.newuser" name="Econtact" time="0.160"/>
  <system-out/>
  <testcase classname="testfile.newuser" name="Ephone" time="0.161"/>
  <system-out/>
  <testcase classname="testfile.newuser" name="Mailment" time="0.144"/>
  <system-out/>
  <testcase classname="testfile.newuser" name="Browser" time="0.742"/>
  <system-out/>
  <testcase classname="testfile.newuser" name="SaveButton" time="1.180">
    <error message="element click intercepted: Element &lt;input type=&quot;submit&quot; value=&quot;SAVE&quot; class=&quot;bluebutton&quot; id=&quot;update-pim&quot; name=&quot;update-pim&quot;&gt; is not clickable at point (318, 692). Other element would receive the click: &lt;footer class=&quot;main-footer footerpanel&quot;&gt;...&lt;/footer&gt;
  (Session info: chrome=113.0.5672.94)
Build info: version: &#039;4.8.2&#039;, revision: &#039;826dbfc730&#039;
System info: os.name: &#039;Windows 10&#039;, os.arch: &#039;amd64&#039;, os.version: &#039;10.0&#039;, java.version: &#039;17.0.5&#039;
Driver info: org.openqa.selenium.chrome.ChromeDriver
Command: [a215aebd6632d43ec9ca8a803e58575b, clickElement {id=C6F017DEC756E118B2021418D8E51EC7_element_81}]
Capabilities {acceptInsecureCerts: false, browserName: chrome, browserVersion: 113.0.5672.94, chrome: {chromedriverVersion: 113.0.5672.63 (0e1a4471d5ae..., userDataDir: C:\Users\isaraf\AppData\Loc...}, goog:chromeOptions: {debuggerAddress: localhost:65106}, networkConnectionEnabled: false, pageLoadStrategy: normal, platformName: WINDOWS, proxy: Proxy(), se:cdp: ws://localhost:65106/devtoo..., se:cdpVersion: 113.0.5672.94, setWindowRect: true, strictFileInteractability: false, timeouts: {implicit: 0, pageLoad: 300000, script: 30000}, unhandledPromptBehavior: dismiss and notify, webauthn:extension:credBlob: true, webauthn:extension:largeBlob: true, webauthn:extension:minPinLength: true, webauthn:extension:prf: true, webauthn:virtualAuthenticators: true}
Element: [[ChromeDriver: chrome on WINDOWS (a215aebd6632d43ec9ca8a803e58575b)] -&gt; xpath: //*[@value=&#039;SAVE&#039;]]
Session ID: a215aebd6632d43ec9ca8a803e58575b" type="org.openqa.selenium.ElementClickInterceptedException">
      <![CDATA[org.openqa.selenium.ElementClickInterceptedException: element click intercepted: Element <input type="submit" value="SAVE" class="bluebutton" id="update-pim" name="update-pim"> is not clickable at point (318, 692). Other element would receive the click: <footer class="main-footer footerpanel">...</footer>
  (Session info: chrome=113.0.5672.94)
Build info: version: '4.8.2', revision: '826dbfc730'
System info: os.name: 'Windows 10', os.arch: 'amd64', os.version: '10.0', java.version: '17.0.5'
Driver info: org.openqa.selenium.chrome.ChromeDriver
Command: [a215aebd6632d43ec9ca8a803e58575b, clickElement {id=C6F017DEC756E118B2021418D8E51EC7_element_81}]
Capabilities {acceptInsecureCerts: false, browserName: chrome, browserVersion: 113.0.5672.94, chrome: {chromedriverVersion: 113.0.5672.63 (0e1a4471d5ae..., userDataDir: C:\Users\isaraf\AppData\Loc...}, goog:chromeOptions: {debuggerAddress: localhost:65106}, networkConnectionEnabled: false, pageLoadStrategy: normal, platformName: WINDOWS, proxy: Proxy(), se:cdp: ws://localhost:65106/devtoo..., se:cdpVersion: 113.0.5672.94, setWindowRect: true, strictFileInteractability: false, timeouts: {implicit: 0, pageLoad: 300000, script: 30000}, unhandledPromptBehavior: dismiss and notify, webauthn:extension:credBlob: true, webauthn:extension:largeBlob: true, webauthn:extension:minPinLength: true, webauthn:extension:prf: true, webauthn:virtualAuthenticators: true}
Element: [[ChromeDriver: chrome on WINDOWS (a215aebd6632d43ec9ca8a803e58575b)] -> xpath: //*[@value='SAVE']]
Session ID: a215aebd6632d43ec9ca8a803e58575b
at java.base/jdk.internal.reflect.NativeConstructorAccessorImpl.newInstance0(Native Method)
at java.base/jdk.internal.reflect.NativeConstructorAccessorImpl.newInstance(NativeConstructorAccessorImpl.java:77)
at java.base/jdk.internal.reflect.DelegatingConstructorAccessorImpl.newInstance(DelegatingConstructorAccessorImpl.java:45)
at java.base/java.lang.reflect.Constructor.newInstanceWithCaller(Constructor.java:499)
at java.base/java.lang.reflect.Constructor.newInstance(Constructor.java:480)
at org.openqa.selenium.remote.codec.w3c.W3CHttpResponseCodec.createException(W3CHttpResponseCodec.java:200)
at org.openqa.selenium.remote.codec.w3c.W3CHttpResponseCodec.decode(W3CHttpResponseCodec.java:133)
at org.openqa.selenium.remote.codec.w3c.W3CHttpResponseCodec.decode(W3CHttpResponseCodec.java:53)
at org.openqa.selenium.remote.HttpCommandExecutor.execute(HttpCommandExecutor.java:193)
at org.openqa.selenium.remote.service.DriverCommandExecutor.invokeExecute(DriverCommandExecutor.java:183)
at org.openqa.selenium.remote.service.DriverCommandExecutor.execute(DriverCommandExecutor.java:158)
at org.openqa.selenium.remote.RemoteWebDriver.execute(RemoteWebDriver.java:543)
at org.openqa.selenium.remote.RemoteWebElement.execute(RemoteWebElement.java:257)
at org.openqa.selenium.remote.RemoteWebElement.click(RemoteWebElement.java:78)
at jdk.internal.reflect.GeneratedMethodAccessor1.invoke(Unknown Source)
at java.base/jdk.internal.reflect.DelegatingMethodAccessorImpl.invoke(DelegatingMethodAccessorImpl.java:43)
at java.base/java.lang.reflect.Method.invoke(Method.java:568)
at org.openqa.selenium.support.pagefactory.internal.LocatingElementHandler.invoke(LocatingElementHandler.java:52)
at jdk.proxy2/jdk.proxy2.$Proxy17.click(Unknown Source)
at testfile.newuser.SaveButton(newuser.java:582)
at java.base/jdk.internal.reflect.NativeMethodAccessorImpl.invoke0(Native Method)
at java.base/jdk.internal.reflect.NativeMethodAccessorImpl.invoke(NativeMethodAccessorImpl.java:77)
at java.base/jdk.internal.reflect.DelegatingMethodAccessorImpl.invoke(DelegatingMethodAccessorImpl.java:43)
at java.base/java.lang.reflect.Method.invoke(Method.java:568)
at org.testng.internal.invokers.MethodInvocationHelper.invokeMethod(MethodInvocationHelper.java:139)
at org.testng.internal.invokers.TestInvoker.invokeMethod(TestInvoker.java:677)
at org.testng.internal.invokers.TestInvoker.invokeTestMethod(TestInvoker.java:221)
at org.testng.internal.invokers.MethodRunner.runInSequence(MethodRunner.java:50)
at org.testng.internal.invokers.TestInvoker$MethodInvocationAgent.invoke(TestInvoker.java:969)
at org.testng.internal.invokers.TestInvoker.invokeTestMethods(TestInvoker.java:194)
at org.testng.internal.invokers.TestMethodWorker.invokeTestMethods(TestMethodWorker.java:148)
at org.testng.internal.invokers.TestMethodWorker.run(TestMethodWorker.java:128)
at java.base/java.util.ArrayList.forEach(ArrayList.java:1511)
at org.testng.TestRunner.privateRun(TestRunner.java:829)
at org.testng.TestRunner.run(TestRunner.java:602)
at org.testng.SuiteRunner.runTest(SuiteRunner.java:437)
at org.testng.SuiteRunner.runSequentially(SuiteRunner.java:431)
at org.testng.SuiteRunner.privateRun(SuiteRunner.java:391)
at org.testng.SuiteRunner.run(SuiteRunner.java:330)
at org.testng.SuiteRunnerWorker.runSuite(SuiteRunnerWorker.java:52)
at org.testng.SuiteRunnerWorker.run(SuiteRunnerWorker.java:95)
at org.testng.TestNG.runSuitesSequentially(TestNG.java:1256)
at org.testng.TestNG.runSuitesLocally(TestNG.java:1176)
at org.testng.TestNG.runSuites(TestNG.java:1099)
at org.testng.TestNG.run(TestNG.java:1067)
at org.testng.remote.AbstractRemoteTestNG.run(AbstractRemoteTestNG.java:115)
at org.testng.remote.RemoteTestNG.initAndRun(RemoteTestNG.java:251)
at org.testng.remote.RemoteTestNG.main(RemoteTestNG.java:77)
]]>
    </error>
  </testcase> <!-- SaveButton -->
  <system-out/>
</testsuite> <!-- testfile.newuser -->
